<?xml version="1.0" encoding="UTF-8"?>
<testng-results skipped="0" failed="0" total="0" passed="0">
  <reporter-output>
  </reporter-output>
  <suite name="jenkins.maven.testng.jenkinstestng.AppTest" duration-ms="2" started-at="2020-05-11T11:50:49Z" finished-at="2020-05-11T11:50:49Z">
    <groups>
    </groups>
    <test name="Command line test" duration-ms="2" started-at="2020-05-11T11:50:49Z" finished-at="2020-05-11T11:50:49Z">
    </test> <!-- Command line test -->
  </suite> <!-- jenkins.maven.testng.jenkinstestng.AppTest -->
</testng-results>
