<?xml version="1.0" encoding="UTF-8"?>
<testng-results skipped="0" failed="0" ignored="0" total="1" passed="1">
  <reporter-output>
  </reporter-output>
  <suite name="Default suite" duration-ms="17400" started-at="2020-05-11T17:19:45 IST" finished-at="2020-05-11T17:20:02 IST">
    <groups>
    </groups>
    <test name="Default test" duration-ms="17400" started-at="2020-05-11T17:19:45 IST" finished-at="2020-05-11T17:20:02 IST">
      <class name="jenkins.maven.testng.jenkinstestng.NewTest">
        <test-method status="PASS" signature="fTest()[pri:0, instance:jenkins.maven.testng.jenkinstestng.NewTest@47ef968d]" name="fTest" duration-ms="17300" started-at="2020-05-11T17:19:45 IST" finished-at="2020-05-11T17:20:02 IST">
          <reporter-output>
          </reporter-output>
        </test-method> <!-- fTest -->
      </class> <!-- jenkins.maven.testng.jenkinstestng.NewTest -->
    </test> <!-- Default test -->
  </suite> <!-- Default suite -->
</testng-results>
